# JRE version: OpenJDK Runtime Environment Temurin-21.0.11+10 (21.0.11+10) (build 21.0.11+10-LTS)
# Java VM: OpenJDK 64-Bit Server VM Temurin-21.0.11+10 (21.0.11+10-LTS, mixed mode, sharing, tiered, compressed oops, compressed class ptrs, g1 gc, linux-amd64)
GC Precious Log:
 CardTable entry size: 512
 Card Set container configuration: InlinePtr #cards 5 size 8 Array Of Cards #cards 12 size 40 Howl #buckets 4 coarsen threshold 1843 Howl Bitmap #cards 512 size 80 coarsen threshold 460 Card regions per heap region 1 cards per card region 2048
 CPUs: 16 total, 16 available
 Memory: 15632M
 Large Page Support: Disabled
 NUMA Support: Disabled
 Compressed Oops: Enabled (32-bit)
 Heap Region Size: 1M
 Heap Min Capacity: 8M
 Heap Initial Capacity: 246M
 Heap Max Capacity: 2G
 Pre-touch: Disabled
 Parallel Workers: 13
 Concurrent Workers: 3
 Concurrent Refinement Workers: 13
 Periodic GC: Disabled
Heap:
 garbage-first heap   total 130048K, used 91079K [0x0000000080000000, 0x0000000100000000)
  region size 1024K, 31 young (31744K), 5 survivors (5120K)
 Metaspace       used 82576K, committed 84928K, reserved 557056K
  class space    used 11943K, committed 13056K, reserved 425984K
GC Heap History (20 events):
Event: 3.215 GC heap before
{Heap before GC invocations=6 (full 0):
 garbage-first heap   total 107520K, used 71718K [0x0000000080000000, 0x0000000100000000)
  region size 1024K, 56 young (57344K), 12 survivors (12288K)
 Metaspace       used 34901K, committed 36096K, reserved 491520K
  class space    used 4980K, committed 5568K, reserved 425984K
}
Event: 3.226 GC heap after
{Heap after GC invocations=7 (full 0):
 garbage-first heap   total 107520K, used 32007K [0x0000000080000000, 0x0000000100000000)
  region size 1024K, 8 young (8192K), 8 survivors (8192K)
 Metaspace       used 34901K, committed 36096K, reserved 491520K
  class space    used 4980K, committed 5568K, reserved 425984K
}
Event: 3.263 GC heap before
{Heap before GC invocations=7 (full 0):
 garbage-first heap   total 107520K, used 33031K [0x0000000080000000, 0x0000000100000000)
  region size 1024K, 10 young (10240K), 8 survivors (8192K)
 Metaspace       used 35178K, committed 36416K, reserved 491520K
  class space    used 5015K, committed 5632K, reserved 425984K
}
Event: 3.268 GC heap after
{Heap after GC invocations=8 (full 0):
 garbage-first heap   total 107520K, used 32209K [0x0000000080000000, 0x0000000100000000)
  region size 1024K, 4 young (4096K), 4 survivors (4096K)
 Metaspace       used 35178K, committed 36416K, reserved 491520K
  class space    used 5015K, committed 5632K, reserved 425984K
}
Event: 3.823 GC heap before
{Heap before GC invocations=9 (full 0):
 garbage-first heap   total 107520K, used 87505K [0x0000000080000000, 0x0000000100000000)
  region size 1024K, 59 young (60416K), 4 survivors (4096K)
 Metaspace       used 40426K, committed 42112K, reserved 491520K
  class space    used 5913K, committed 6720K, reserved 425984K
}
Event: 3.827 GC heap after
{Heap after GC invocations=10 (full 0):
 garbage-first heap   total 129024K, used 35894K [0x0000000080000000, 0x0000000100000000)
  region size 1024K, 8 young (8192K), 8 survivors (8192K)
 Metaspace       used 40426K, committed 42112K, reserved 491520K
  class space    used 5913K, committed 6720K, reserved 425984K
}
Event: 4.696 GC heap before
{Heap before GC invocations=10 (full 0):
 garbage-first heap   total 129024K, used 104502K [0x0000000080000000, 0x0000000100000000)
  region size 1024K, 75 young (76800K), 8 survivors (8192K)
 Metaspace       used 47883K, committed 49600K, reserved 491520K
  class space    used 7075K, committed 7872K, reserved 425984K
}
Event: 4.702 GC heap after
{Heap after GC invocations=11 (full 0):
 garbage-first heap   total 129024K, used 38545K [0x0000000080000000, 0x0000000100000000)
  region size 1024K, 7 young (7168K), 7 survivors (7168K)
 Metaspace       used 47883K, committed 49600K, reserved 491520K
  class space    used 7075K, committed 7872K, reserved 425984K
}
Event: 5.567 GC heap before
{Heap before GC invocations=11 (full 0):
 garbage-first heap   total 129024K, used 107153K [0x0000000080000000, 0x0000000100000000)
  region size 1024K, 75 young (76800K), 7 survivors (7168K)
 Metaspace       used 54912K, committed 56896K, reserved 491520K
  class space    used 8079K, committed 9024K, reserved 425984K
}
Event: 5.574 GC heap after
{Heap after GC invocations=12 (full 0):
 garbage-first heap   total 129024K, used 42720K [0x0000000080000000, 0x0000000100000000)
  region size 1024K, 8 young (8192K), 8 survivors (8192K)
 Metaspace       used 54912K, committed 56896K, reserved 491520K
  class space    used 8079K, committed 9024K, reserved 425984K
}
Event: 6.167 GC heap before
{Heap before GC invocations=12 (full 0):
 garbage-first heap   total 129024K, used 93920K [0x0000000080000000, 0x0000000100000000)
  region size 1024K, 53 young (54272K), 8 survivors (8192K)
 Metaspace       used 58757K, committed 60800K, reserved 491520K
  class space    used 8546K, committed 9536K, reserved 425984K
}
Event: 6.175 GC heap after
{Heap after GC invocations=13 (full 0):
 garbage-first heap   total 129024K, used 52183K [0x0000000080000000, 0x0000000100000000)
  region size 1024K, 8 young (8192K), 8 survivors (8192K)
 Metaspace       used 58757K, committed 60800K, reserved 491520K
  class space    used 8546K, committed 9536K, reserved 425984K
}
Event: 6.998 GC heap before
{Heap before GC invocations=14 (full 0):
 garbage-first heap   total 129024K, used 114647K [0x0000000080000000, 0x0000000100000000)
  region size 1024K, 69 young (70656K), 8 survivors (8192K)
 Metaspace       used 63318K, committed 65344K, reserved 491520K
  class space    used 9237K, committed 10240K, reserved 425984K
}
Event: 7.008 GC heap after
{Heap after GC invocations=15 (full 0):
 garbage-first heap   total 129024K, used 54941K [0x0000000080000000, 0x0000000100000000)
  region size 1024K, 7 young (7168K), 7 survivors (7168K)
 Metaspace       used 63318K, committed 65344K, reserved 491520K
  class space    used 9237K, committed 10240K, reserved 425984K
}
Event: 7.456 GC heap before
{Heap before GC invocations=15 (full 0):
 garbage-first heap   total 129024K, used 115357K [0x0000000080000000, 0x0000000100000000)
  region size 1024K, 66 young (67584K), 7 survivors (7168K)
 Metaspace       used 67763K, committed 69952K, reserved 491520K
  class space    used 9903K, committed 10944K, reserved 425984K
}
Event: 7.461 GC heap after
{Heap after GC invocations=16 (full 0):
 garbage-first heap   total 129024K, used 57258K [0x0000000080000000, 0x0000000100000000)
  region size 1024K, 6 young (6144K), 6 survivors (6144K)
 Metaspace       used 67763K, committed 69952K, reserved 491520K
  class space    used 9903K, committed 10944K, reserved 425984K
}
Event: 8.124 GC heap before
{Heap before GC invocations=16 (full 0):
 garbage-first heap   total 129024K, used 116650K [0x0000000080000000, 0x0000000100000000)
  region size 1024K, 64 young (65536K), 6 survivors (6144K)
 Metaspace       used 71655K, committed 73856K, reserved 491520K
  class space    used 10404K, committed 11456K, reserved 425984K
}
Event: 8.131 GC heap after
{Heap after GC invocations=17 (full 0):
 garbage-first heap   total 129024K, used 62052K [0x0000000080000000, 0x0000000100000000)
  region size 1024K, 8 young (8192K), 8 survivors (8192K)
 Metaspace       used 71655K, committed 73856K, reserved 491520K
  class space    used 10404K, committed 11456K, reserved 425984K
}
Event: 9.108 GC heap before
{Heap before GC invocations=17 (full 0):
 garbage-first heap   total 129024K, used 115300K [0x0000000080000000, 0x0000000100000000)
  region size 1024K, 61 young (62464K), 8 survivors (8192K)
 Metaspace       used 76194K, committed 78592K, reserved 557056K
  class space    used 11134K, committed 12288K, reserved 425984K
}
Event: 9.113 GC heap after
{Heap after GC invocations=18 (full 0):
 garbage-first heap   total 130048K, used 66503K [0x0000000080000000, 0x0000000100000000)
  region size 1024K, 5 young (5120K), 5 survivors (5120K)
 Metaspace       used 76194K, committed 78592K, reserved 557056K
  class space    used 11134K, committed 12288K, reserved 425984K
}

