# JRE version: OpenJDK Runtime Environment Temurin-21.0.11+10 (21.0.11+10) (build 21.0.11+10-LTS)
# Java VM: OpenJDK 64-Bit Server VM Temurin-21.0.11+10 (21.0.11+10-LTS, mixed mode, sharing, tiered, compressed oops, compressed class ptrs, parallel gc, linux-amd64)
GC Precious Log:
 CardTable entry size: 512
 CPUs: 16 total, 16 available
 Memory: 15632M
 Large Page Support: Disabled
 NUMA Support: Disabled
 Compressed Oops: Enabled (32-bit)
 Alignments: Space 512K, Generation 512K, Heap 2M
 Heap Min Capacity: 100M
 Heap Initial Capacity: 100M
 Heap Max Capacity: 2G
 Pre-touch: Disabled
 Parallel Workers: 13
Heap:
 PSYoungGen      total 17920K, used 7192K [0x00000000d5580000, 0x00000000d6a80000, 0x0000000100000000)
  eden space 16896K, 38% used [0x00000000d5580000,0x00000000d5bd8f28,0x00000000d6600000)
  from space 1024K, 67% used [0x00000000d6980000,0x00000000d6a2d1c0,0x00000000d6a80000)
  to   space 1024K, 0% used [0x00000000d6880000,0x00000000d6880000,0x00000000d6980000)
 ParOldGen       total 83456K, used 83151K [0x0000000080000000, 0x0000000085180000, 0x00000000d5580000)
  object space 83456K, 99% used [0x0000000080000000,0x0000000085133d60,0x0000000085180000)
 Metaspace       used 71430K, committed 72832K, reserved 1114112K
  class space    used 8497K, committed 9088K, reserved 1048576K
GC Heap History (20 events):
Event: 7.410 GC heap before
{Heap before GC invocations=54 (full 3):
 PSYoungGen      total 17408K, used 17381K [0x00000000d5580000, 0x00000000d6b80000, 0x0000000100000000)
  eden space 16896K, 100% used [0x00000000d5580000,0x00000000d6600000,0x00000000d6600000)
  from space 512K, 94% used [0x00000000d6b00000,0x00000000d6b794d8,0x00000000d6b80000)
  to   space 1024K, 0% used [0x00000000d6980000,0x00000000d6980000,0x00000000d6a80000)
 ParOldGen       total 81408K, used 81367K [0x0000000080000000, 0x0000000084f80000, 0x00000000d5580000)
  object space 81408K, 99% used [0x0000000080000000,0x0000000084f75ed8,0x0000000084f80000)
 Metaspace       used 70799K, committed 72192K, reserved 1114112K
  class space    used 8428K, committed 9024K, reserved 1048576K
}
Event: 7.411 GC heap after
{Heap after GC invocations=54 (full 3):
 PSYoungGen      total 17920K, used 448K [0x00000000d5580000, 0x00000000d6b80000, 0x0000000100000000)
  eden space 16896K, 0% used [0x00000000d5580000,0x00000000d5580000,0x00000000d6600000)
  from space 1024K, 43% used [0x00000000d6980000,0x00000000d69f0000,0x00000000d6a80000)
  to   space 512K, 0% used [0x00000000d6b00000,0x00000000d6b00000,0x00000000d6b80000)
 ParOldGen       total 81920K, used 81546K [0x0000000080000000, 0x0000000085000000, 0x00000000d5580000)
  object space 81920K, 99% used [0x0000000080000000,0x0000000084fa2a58,0x0000000085000000)
 Metaspace       used 70799K, committed 72192K, reserved 1114112K
  class space    used 8428K, committed 9024K, reserved 1048576K
}
Event: 7.452 GC heap before
{Heap before GC invocations=55 (full 3):
 PSYoungGen      total 17920K, used 17344K [0x00000000d5580000, 0x00000000d6b80000, 0x0000000100000000)
  eden space 16896K, 100% used [0x00000000d5580000,0x00000000d6600000,0x00000000d6600000)
  from space 1024K, 43% used [0x00000000d6980000,0x00000000d69f0000,0x00000000d6a80000)
  to   space 512K, 0% used [0x00000000d6b00000,0x00000000d6b00000,0x00000000d6b80000)
 ParOldGen       total 81920K, used 81546K [0x0000000080000000, 0x0000000085000000, 0x00000000d5580000)
  object space 81920K, 99% used [0x0000000080000000,0x0000000084fa2a58,0x0000000085000000)
 Metaspace       used 70800K, committed 72192K, reserved 1114112K
  class space    used 8428K, committed 9024K, reserved 1048576K
}
Event: 7.453 GC heap after
{Heap after GC invocations=55 (full 3):
 PSYoungGen      total 17408K, used 503K [0x00000000d5580000, 0x00000000d6b80000, 0x0000000100000000)
  eden space 16896K, 0% used [0x00000000d5580000,0x00000000d5580000,0x00000000d6600000)
  from space 512K, 98% used [0x00000000d6b00000,0x00000000d6b7de98,0x00000000d6b80000)
  to   space 1024K, 0% used [0x00000000d6980000,0x00000000d6980000,0x00000000d6a80000)
 ParOldGen       total 81920K, used 81865K [0x0000000080000000, 0x0000000085000000, 0x00000000d5580000)
  object space 81920K, 99% used [0x0000000080000000,0x0000000084ff2408,0x0000000085000000)
 Metaspace       used 70800K, committed 72192K, reserved 1114112K
  class space    used 8428K, committed 9024K, reserved 1048576K
}
Event: 7.486 GC heap before
{Heap before GC invocations=56 (full 3):
 PSYoungGen      total 17408K, used 17399K [0x00000000d5580000, 0x00000000d6b80000, 0x0000000100000000)
  eden space 16896K, 100% used [0x00000000d5580000,0x00000000d6600000,0x00000000d6600000)
  from space 512K, 98% used [0x00000000d6b00000,0x00000000d6b7de98,0x00000000d6b80000)
  to   space 1024K, 0% used [0x00000000d6980000,0x00000000d6980000,0x00000000d6a80000)
 ParOldGen       total 81920K, used 81865K [0x0000000080000000, 0x0000000085000000, 0x00000000d5580000)
  object space 81920K, 99% used [0x0000000080000000,0x0000000084ff2408,0x0000000085000000)
 Metaspace       used 70800K, committed 72192K, reserved 1114112K
  class space    used 8428K, committed 9024K, reserved 1048576K
}
Event: 7.488 GC heap after
{Heap after GC invocations=56 (full 3):
 PSYoungGen      total 17920K, used 1005K [0x00000000d5580000, 0x00000000d6b80000, 0x0000000100000000)
  eden space 16896K, 0% used [0x00000000d5580000,0x00000000d5580000,0x00000000d6600000)
  from space 1024K, 98% used [0x00000000d6980000,0x00000000d6a7b568,0x00000000d6a80000)
  to   space 1024K, 0% used [0x00000000d6a80000,0x00000000d6a80000,0x00000000d6b80000)
 ParOldGen       total 82432K, used 82146K [0x0000000080000000, 0x0000000085080000, 0x00000000d5580000)
  object space 82432K, 99% used [0x0000000080000000,0x0000000085038ba8,0x0000000085080000)
 Metaspace       used 70800K, committed 72192K, reserved 1114112K
  class space    used 8428K, committed 9024K, reserved 1048576K
}
Event: 7.545 GC heap before
{Heap before GC invocations=57 (full 3):
 PSYoungGen      total 17920K, used 17901K [0x00000000d5580000, 0x00000000d6b80000, 0x0000000100000000)
  eden space 16896K, 100% used [0x00000000d5580000,0x00000000d6600000,0x00000000d6600000)
  from space 1024K, 98% used [0x00000000d6980000,0x00000000d6a7b568,0x00000000d6a80000)
  to   space 1024K, 0% used [0x00000000d6a80000,0x00000000d6a80000,0x00000000d6b80000)
 ParOldGen       total 82432K, used 82146K [0x0000000080000000, 0x0000000085080000, 0x00000000d5580000)
  object space 82432K, 99% used [0x0000000080000000,0x0000000085038ba8,0x0000000085080000)
 Metaspace       used 70800K, committed 72192K, reserved 1114112K
  class space    used 8428K, committed 9024K, reserved 1048576K
}
Event: 7.547 GC heap after
{Heap after GC invocations=57 (full 3):
 PSYoungGen      total 17920K, used 930K [0x00000000d5580000, 0x00000000d6b80000, 0x0000000100000000)
  eden space 16896K, 0% used [0x00000000d5580000,0x00000000d5580000,0x00000000d6600000)
  from space 1024K, 90% used [0x00000000d6a80000,0x00000000d6b688e0,0x00000000d6b80000)
  to   space 1536K, 0% used [0x00000000d6880000,0x00000000d6880000,0x00000000d6a00000)
 ParOldGen       total 82432K, used 82218K [0x0000000080000000, 0x0000000085080000, 0x00000000d5580000)
  object space 82432K, 99% used [0x0000000080000000,0x000000008504aba8,0x0000000085080000)
 Metaspace       used 70800K, committed 72192K, reserved 1114112K
  class space    used 8428K, committed 9024K, reserved 1048576K
}
Event: 7.596 GC heap before
{Heap before GC invocations=58 (full 3):
 PSYoungGen      total 17920K, used 17826K [0x00000000d5580000, 0x00000000d6b80000, 0x0000000100000000)
  eden space 16896K, 100% used [0x00000000d5580000,0x00000000d6600000,0x00000000d6600000)
  from space 1024K, 90% used [0x00000000d6a80000,0x00000000d6b688e0,0x00000000d6b80000)
  to   space 1536K, 0% used [0x00000000d6880000,0x00000000d6880000,0x00000000d6a00000)
 ParOldGen       total 82432K, used 82218K [0x0000000080000000, 0x0000000085080000, 0x00000000d5580000)
  object space 82432K, 99% used [0x0000000080000000,0x000000008504aba8,0x0000000085080000)
 Metaspace       used 70800K, committed 72192K, reserved 1114112K
  class space    used 8428K, committed 9024K, reserved 1048576K
}
Event: 7.597 GC heap after
{Heap after GC invocations=58 (full 3):
 PSYoungGen      total 18432K, used 362K [0x00000000d5580000, 0x00000000d6b00000, 0x0000000100000000)
  eden space 16896K, 0% used [0x00000000d5580000,0x00000000d5580000,0x00000000d6600000)
  from space 1536K, 23% used [0x00000000d6880000,0x00000000d68da9a0,0x00000000d6a00000)
  to   space 1024K, 0% used [0x00000000d6a00000,0x00000000d6a00000,0x00000000d6b00000)
 ParOldGen       total 82432K, used 82282K [0x0000000080000000, 0x0000000085080000, 0x00000000d5580000)
  object space 82432K, 99% used [0x0000000080000000,0x000000008505aba8,0x0000000085080000)
 Metaspace       used 70800K, committed 72192K, reserved 1114112K
  class space    used 8428K, committed 9024K, reserved 1048576K
}
Event: 7.639 GC heap before
{Heap before GC invocations=59 (full 3):
 PSYoungGen      total 18432K, used 17258K [0x00000000d5580000, 0x00000000d6b00000, 0x0000000100000000)
  eden space 16896K, 100% used [0x00000000d5580000,0x00000000d6600000,0x00000000d6600000)
  from space 1536K, 23% used [0x00000000d6880000,0x00000000d68da9a0,0x00000000d6a00000)
  to   space 1024K, 0% used [0x00000000d6a00000,0x00000000d6a00000,0x00000000d6b00000)
 ParOldGen       total 82432K, used 82282K [0x0000000080000000, 0x0000000085080000, 0x00000000d5580000)
  object space 82432K, 99% used [0x0000000080000000,0x000000008505aba8,0x0000000085080000)
 Metaspace       used 70800K, committed 72192K, reserved 1114112K
  class space    used 8428K, committed 9024K, reserved 1048576K
}
Event: 7.640 GC heap after
{Heap after GC invocations=59 (full 3):
 PSYoungGen      total 17920K, used 591K [0x00000000d5580000, 0x00000000d6b00000, 0x0000000100000000)
  eden space 16896K, 0% used [0x00000000d5580000,0x00000000d5580000,0x00000000d6600000)
  from space 1024K, 57% used [0x00000000d6a00000,0x00000000d6a93ce8,0x00000000d6b00000)
  to   space 1024K, 0% used [0x00000000d6900000,0x00000000d6900000,0x00000000d6a00000)
 ParOldGen       total 82432K, used 82391K [0x0000000080000000, 0x0000000085080000, 0x00000000d5580000)
  object space 82432K, 99% used [0x0000000080000000,0x0000000085075c78,0x0000000085080000)
 Metaspace       used 70800K, committed 72192K, reserved 1114112K
  class space    used 8428K, committed 9024K, reserved 1048576K
}
Event: 7.671 GC heap before
{Heap before GC invocations=60 (full 3):
 PSYoungGen      total 17920K, used 17487K [0x00000000d5580000, 0x00000000d6b00000, 0x0000000100000000)
  eden space 16896K, 100% used [0x00000000d5580000,0x00000000d6600000,0x00000000d6600000)
  from space 1024K, 57% used [0x00000000d6a00000,0x00000000d6a93ce8,0x00000000d6b00000)
  to   space 1024K, 0% used [0x00000000d6900000,0x00000000d6900000,0x00000000d6a00000)
 ParOldGen       total 82432K, used 82391K [0x0000000080000000, 0x0000000085080000, 0x00000000d5580000)
  object space 82432K, 99% used [0x0000000080000000,0x0000000085075c78,0x0000000085080000)
 Metaspace       used 70801K, committed 72192K, reserved 1114112K
  class space    used 8428K, committed 9024K, reserved 1048576K
}
Event: 7.672 GC heap after
{Heap after GC invocations=60 (full 3):
 PSYoungGen      total 17920K, used 1008K [0x00000000d5580000, 0x00000000d6a80000, 0x0000000100000000)
  eden space 16896K, 0% used [0x00000000d5580000,0x00000000d5580000,0x00000000d6600000)
  from space 1024K, 98% used [0x00000000d6900000,0x00000000d69fc270,0x00000000d6a00000)
  to   space 512K, 0% used [0x00000000d6a00000,0x00000000d6a00000,0x00000000d6a80000)
 ParOldGen       total 82944K, used 82618K [0x0000000080000000, 0x0000000085100000, 0x00000000d5580000)
  object space 82944K, 99% used [0x0000000080000000,0x00000000850ae820,0x0000000085100000)
 Metaspace       used 70801K, committed 72192K, reserved 1114112K
  class space    used 8428K, committed 9024K, reserved 1048576K
}
Event: 7.711 GC heap before
{Heap before GC invocations=61 (full 3):
 PSYoungGen      total 17920K, used 17904K [0x00000000d5580000, 0x00000000d6a80000, 0x0000000100000000)
  eden space 16896K, 100% used [0x00000000d5580000,0x00000000d6600000,0x00000000d6600000)
  from space 1024K, 98% used [0x00000000d6900000,0x00000000d69fc270,0x00000000d6a00000)
  to   space 512K, 0% used [0x00000000d6a00000,0x00000000d6a00000,0x00000000d6a80000)
 ParOldGen       total 82944K, used 82618K [0x0000000080000000, 0x0000000085100000, 0x00000000d5580000)
  object space 82944K, 99% used [0x0000000080000000,0x00000000850ae830,0x0000000085100000)
 Metaspace       used 70801K, committed 72192K, reserved 1114112K
  class space    used 8428K, committed 9024K, reserved 1048576K
}
Event: 7.712 GC heap after
{Heap after GC invocations=61 (full 3):
 PSYoungGen      total 17408K, used 508K [0x00000000d5580000, 0x00000000d6a80000, 0x0000000100000000)
  eden space 16896K, 0% used [0x00000000d5580000,0x00000000d5580000,0x00000000d6600000)
  from space 512K, 99% used [0x00000000d6a00000,0x00000000d6a7f2b0,0x00000000d6a80000)
  to   space 1024K, 0% used [0x00000000d6880000,0x00000000d6880000,0x00000000d6980000)
 ParOldGen       total 82944K, used 82901K [0x0000000080000000, 0x0000000085100000, 0x00000000d5580000)
  object space 82944K, 99% used [0x0000000080000000,0x00000000850f56c8,0x0000000085100000)
 Metaspace       used 70801K, committed 72192K, reserved 1114112K
  class space    used 8428K, committed 9024K, reserved 1048576K
}
Event: 7.748 GC heap before
{Heap before GC invocations=62 (full 3):
 PSYoungGen      total 17408K, used 17404K [0x00000000d5580000, 0x00000000d6a80000, 0x0000000100000000)
  eden space 16896K, 100% used [0x00000000d5580000,0x00000000d6600000,0x00000000d6600000)
  from space 512K, 99% used [0x00000000d6a00000,0x00000000d6a7f2b0,0x00000000d6a80000)
  to   space 1024K, 0% used [0x00000000d6880000,0x00000000d6880000,0x00000000d6980000)
 ParOldGen       total 83456K, used 82971K [0x0000000080000000, 0x0000000085180000, 0x00000000d5580000)
  object space 83456K, 99% used [0x0000000080000000,0x0000000085106c90,0x0000000085180000)
 Metaspace       used 70837K, committed 72192K, reserved 1114112K
  class space    used 8428K, committed 9024K, reserved 1048576K
}
Event: 7.753 GC heap after
{Heap after GC invocations=62 (full 3):
 PSYoungGen      total 17920K, used 458K [0x00000000d5580000, 0x00000000d6a80000, 0x0000000100000000)
  eden space 16896K, 0% used [0x00000000d5580000,0x00000000d5580000,0x00000000d6600000)
  from space 1024K, 44% used [0x00000000d6880000,0x00000000d68f29a0,0x00000000d6980000)
  to   space 1024K, 0% used [0x00000000d6980000,0x00000000d6980000,0x00000000d6a80000)
 ParOldGen       total 83456K, used 83019K [0x0000000080000000, 0x0000000085180000, 0x00000000d5580000)
  object space 83456K, 99% used [0x0000000080000000,0x0000000085112c90,0x0000000085180000)
 Metaspace       used 70837K, committed 72192K, reserved 1114112K
  class space    used 8428K, committed 9024K, reserved 1048576K
}
Event: 7.790 GC heap before
{Heap before GC invocations=63 (full 3):
 PSYoungGen      total 17920K, used 17354K [0x00000000d5580000, 0x00000000d6a80000, 0x0000000100000000)
  eden space 16896K, 100% used [0x00000000d5580000,0x00000000d6600000,0x00000000d6600000)
  from space 1024K, 44% used [0x00000000d6880000,0x00000000d68f29a0,0x00000000d6980000)
  to   space 1024K, 0% used [0x00000000d6980000,0x00000000d6980000,0x00000000d6a80000)
 ParOldGen       total 83456K, used 83019K [0x0000000080000000, 0x0000000085180000, 0x00000000d5580000)
  object space 83456K, 99% used [0x0000000080000000,0x0000000085112c90,0x0000000085180000)
 Metaspace       used 70837K, committed 72192K, reserved 1114112K
  class space    used 8428K, committed 9024K, reserved 1048576K
}
Event: 7.791 GC heap after
{Heap after GC invocations=63 (full 3):
 PSYoungGen      total 17920K, used 692K [0x00000000d5580000, 0x00000000d6a80000, 0x0000000100000000)
  eden space 16896K, 0% used [0x00000000d5580000,0x00000000d5580000,0x00000000d6600000)
  from space 1024K, 67% used [0x00000000d6980000,0x00000000d6a2d1c0,0x00000000d6a80000)
  to   space 1024K, 0% used [0x00000000d6880000,0x00000000d6880000,0x00000000d6980000)
 ParOldGen       total 83456K, used 83151K [0x0000000080000000, 0x0000000085180000, 0x00000000d5580000)
  object space 83456K, 99% used [0x0000000080000000,0x0000000085133d60,0x0000000085180000)
 Metaspace       used 70837K, committed 72192K, reserved 1114112K
  class space    used 8428K, committed 9024K, reserved 1048576K
}

